<?xml version="1.0" encoding="UTF-8"?>
<!-- Generated by org.testng.reporters.JUnitReportReporter -->
<testsuite skipped="0" hostname="X" name="com.selenium.java.leaning.BasePage" tests="1" failures="0" timestamp="29 Nov 2019 04:44:36 GMT" time="13.359" errors="0">
  <testcase name="verifyPageTileTest" time="13.359" classname="com.selenium.java.leaning.BasePage"/>
</testsuite> <!-- com.selenium.java.leaning.BasePage -->
